[2026-02-04 12:48:15] SERVER -> CLIENT: 220 VI1P190CA0039.outlook.office365.com Microsoft ESMTP MAIL Service ready at Wed, 4 Feb 2026 12:48:14 +0000 [08DE63B3938510F2]

[2026-02-04 12:48:15] CLIENT -> SERVER: EHLO Emir-MacBook-Air.local

[2026-02-04 12:48:15] SERVER -> CLIENT: 250-VI1P190CA0039.outlook.office365.com Hello [78.173.88.90]
250-SIZE 157286400
250-PIPELINING
250-DSN
250-ENHANCEDSTATUSCODES
250-STARTTLS
250-8BITMIME
250-BINARYMIME
250-CHUNKING
250 SMTPUTF8

[2026-02-04 12:48:15] CLIENT -> SERVER: STARTTLS

[2026-02-04 12:48:15] SERVER -> CLIENT: 220 2.0.0 SMTP server ready

[2026-02-04 12:48:15] CLIENT -> SERVER: EHLO Emir-MacBook-Air.local

[2026-02-04 12:48:15] SERVER -> CLIENT: 250-VI1P190CA0039.outlook.office365.com Hello [78.173.88.90]
250-SIZE 157286400
250-PIPELINING
250-DSN
250-ENHANCEDSTATUSCODES
250-AUTH LOGIN XOAUTH2
250-8BITMIME
250-BINARYMIME
250-CHUNKING
250 SMTPUTF8

[2026-02-04 12:48:15] CLIENT -> SERVER: AUTH LOGIN

[2026-02-04 12:48:15] SERVER -> CLIENT: 334 VXNlcm5hbWU6

[2026-02-04 12:48:15] CLIENT -> SERVER: [credentials hidden]
[2026-02-04 12:48:16] SERVER -> CLIENT: 334 UGFzc3dvcmQ6

[2026-02-04 12:48:16] CLIENT -> SERVER: [credentials hidden]
[2026-02-04 12:48:21] SERVER -> CLIENT: 535 5.7.139 Authentication unsuccessful, basic authentication is disabled. [VI1P190CA0039.EURP190.PROD.OUTLOOK.COM 2026-02-04T12:48:21.303Z 08DE63B3938510F2]

[2026-02-04 12:48:21] SMTP ERROR: Password command failed: 535 5.7.139 Authentication unsuccessful, basic authentication is disabled. [VI1P190CA0039.EURP190.PROD.OUTLOOK.COM 2026-02-04T12:48:21.303Z 08DE63B3938510F2]

[2026-02-04 12:48:21] SMTP Error: Could not authenticate.
[2026-02-04 12:48:21] CLIENT -> SERVER: QUIT

[2026-02-04 12:48:21] SERVER -> CLIENT: 221 2.0.0 Service closing transmission channel

[2026-02-04 12:48:21] SMTP Error: Could not authenticate.
[2026-02-04 12:57:21] SERVER -> CLIENT: 220 VI1PR07CA0223.outlook.office365.com Microsoft ESMTP MAIL Service ready at Wed, 4 Feb 2026 12:57:14 +0000 [08DE62BD16BDCAAE]
[2026-02-04 12:57:21] CLIENT -> SERVER: EHLO Emir-MacBook-Air.local
[2026-02-04 12:57:21] SERVER -> CLIENT: 250-VI1PR07CA0223.outlook.office365.com Hello [78.173.88.90]
250-SIZE 157286400
250-PIPELINING
250-DSN
250-ENHANCEDSTATUSCODES
250-STARTTLS
250-8BITMIME
250-BINARYMIME
250-CHUNKING
250 SMTPUTF8
[2026-02-04 12:57:21] CLIENT -> SERVER: STARTTLS
[2026-02-04 12:57:21] SERVER -> CLIENT: 220 2.0.0 SMTP server ready
[2026-02-04 12:57:21] CLIENT -> SERVER: EHLO Emir-MacBook-Air.local
[2026-02-04 12:57:21] SERVER -> CLIENT: 250-VI1PR07CA0223.outlook.office365.com Hello [78.173.88.90]
250-SIZE 157286400
250-PIPELINING
250-DSN
250-ENHANCEDSTATUSCODES
250-AUTH LOGIN XOAUTH2
250-8BITMIME
250-BINARYMIME
250-CHUNKING
250 SMTPUTF8
[2026-02-04 12:57:21] CLIENT -> SERVER: AUTH LOGIN
[2026-02-04 12:57:21] SERVER -> CLIENT: 334 VXNlcm5hbWU6
[2026-02-04 12:57:21] CLIENT -> SERVER: [credentials hidden]
[2026-02-04 12:57:21] SERVER -> CLIENT: 334 UGFzc3dvcmQ6
[2026-02-04 12:57:21] CLIENT -> SERVER: [credentials hidden]
[2026-02-04 12:57:26] SERVER -> CLIENT: 535 5.7.139 Authentication unsuccessful, basic authentication is disabled. [VI1PR07CA0223.eurprd07.prod.outlook.com 2026-02-04T12:57:21.065Z 08DE62BD16BDCAAE]
[2026-02-04 12:57:26] SMTP ERROR: Password command failed: 535 5.7.139 Authentication unsuccessful, basic authentication is disabled. [VI1PR07CA0223.eurprd07.prod.outlook.com 2026-02-04T12:57:21.065Z 08DE62BD16BDCAAE]
[2026-02-04 12:57:26] SMTP Error: Could not authenticate.
[2026-02-04 12:57:26] CLIENT -> SERVER: QUIT
[2026-02-04 12:57:26] SERVER -> CLIENT: 221 2.0.0 Service closing transmission channel
[2026-02-04 12:57:26] SMTP Error: Could not authenticate.
[2026-02-04 13:00:51] SERVER -> CLIENT: 220 smtp.gmail.com ESMTP ffacd0b85a97d-43618057f7csm6152183f8f.23 - gsmtp
[2026-02-04 13:00:51] CLIENT -> SERVER: EHLO Emir-MacBook-Air.local
[2026-02-04 13:00:52] SERVER -> CLIENT: 250-smtp.gmail.com at your service, [78.173.88.90]
250-SIZE 35882577
250-8BITMIME
250-STARTTLS
250-ENHANCEDSTATUSCODES
250-PIPELINING
250-CHUNKING
250 SMTPUTF8
[2026-02-04 13:00:52] CLIENT -> SERVER: STARTTLS
[2026-02-04 13:00:52] SERVER -> CLIENT: 220 2.0.0 Ready to start TLS
[2026-02-04 13:00:52] CLIENT -> SERVER: EHLO Emir-MacBook-Air.local
[2026-02-04 13:00:52] SERVER -> CLIENT: 250-smtp.gmail.com at your service, [78.173.88.90]
250-SIZE 35882577
250-8BITMIME
250-AUTH LOGIN PLAIN XOAUTH2 PLAIN-CLIENTTOKEN OAUTHBEARER XOAUTH
250-ENHANCEDSTATUSCODES
250-PIPELINING
250-CHUNKING
250 SMTPUTF8
[2026-02-04 13:00:52] CLIENT -> SERVER: AUTH LOGIN
[2026-02-04 13:00:52] SERVER -> CLIENT: 334 VXNlcm5hbWU6
[2026-02-04 13:00:52] CLIENT -> SERVER: [credentials hidden]
[2026-02-04 13:00:52] SERVER -> CLIENT: 334 UGFzc3dvcmQ6
[2026-02-04 13:00:52] CLIENT -> SERVER: [credentials hidden]
[2026-02-04 13:00:52] SERVER -> CLIENT: 235 2.7.0 Accepted
[2026-02-04 13:00:52] CLIENT -> SERVER: MAIL FROM:<krgutax@gmail.com>
[2026-02-04 13:00:52] SERVER -> CLIENT: 250 2.1.0 OK ffacd0b85a97d-43618057f7csm6152183f8f.23 - gsmtp
[2026-02-04 13:00:52] CLIENT -> SERVER: RCPT TO:<krgutax@gmail.com>
[2026-02-04 13:00:53] SERVER -> CLIENT: 250 2.1.5 OK ffacd0b85a97d-43618057f7csm6152183f8f.23 - gsmtp
[2026-02-04 13:00:53] CLIENT -> SERVER: DATA
[2026-02-04 13:00:55] SERVER -> CLIENT: 354 Go ahead ffacd0b85a97d-43618057f7csm6152183f8f.23 - gsmtp
[2026-02-04 13:00:55] CLIENT -> SERVER: Date: Wed, 4 Feb 2026 13:00:51 +0000
[2026-02-04 13:00:55] CLIENT -> SERVER: To: krgutax@gmail.com
[2026-02-04 13:00:55] CLIENT -> SERVER: From: PrintCopy <krgutax@gmail.com>
[2026-02-04 13:00:55] CLIENT -> SERVER: Subject: PrintCopy Test (Gmail)
[2026-02-04 13:00:55] CLIENT -> SERVER: Message-ID: <B2v2D5I8GF9ugJo1Fhf3yM15AUyQxyzX5RN3jTB26CM@Emir-MacBook-Air.local>
[2026-02-04 13:00:55] CLIENT -> SERVER: X-Mailer: PHPMailer 6.12.0 (https://github.com/PHPMailer/PHPMailer)
[2026-02-04 13:00:55] CLIENT -> SERVER: MIME-Version: 1.0
[2026-02-04 13:00:55] CLIENT -> SERVER: Content-Type: text/html; charset=iso-8859-1
[2026-02-04 13:00:55] CLIENT -> SERVER:
[2026-02-04 13:00:55] CLIENT -> SERVER: This is a test email via Gmail App Password.
[2026-02-04 13:00:55] CLIENT -> SERVER:
[2026-02-04 13:00:55] CLIENT -> SERVER: .
[2026-02-04 13:00:56] SERVER -> CLIENT: 250 2.0.0 OK  1770210056 ffacd0b85a97d-43618057f7csm6152183f8f.23 - gsmtp
[2026-02-04 13:00:56] CLIENT -> SERVER: QUIT
[2026-02-04 13:00:56] SERVER -> CLIENT: 221 2.0.0 closing connection ffacd0b85a97d-43618057f7csm6152183f8f.23 - gsmtp
[2026-02-04 13:04:09] SERVER -> CLIENT: 220 smtp.gmail.com ESMTP ffacd0b85a97d-4361805f8b4sm6304653f8f.36 - gsmtp
[2026-02-04 13:04:09] CLIENT -> SERVER: EHLO Emir-MacBook-Air.local
[2026-02-04 13:04:09] SERVER -> CLIENT: 250-smtp.gmail.com at your service, [78.173.88.90]
250-SIZE 35882577
250-8BITMIME
250-STARTTLS
250-ENHANCEDSTATUSCODES
250-PIPELINING
250-CHUNKING
250 SMTPUTF8
[2026-02-04 13:04:09] CLIENT -> SERVER: STARTTLS
[2026-02-04 13:04:09] SERVER -> CLIENT: 220 2.0.0 Ready to start TLS
[2026-02-04 13:04:10] CLIENT -> SERVER: EHLO Emir-MacBook-Air.local
[2026-02-04 13:04:11] SERVER -> CLIENT: 250-smtp.gmail.com at your service, [78.173.88.90]
250-SIZE 35882577
250-8BITMIME
250-AUTH LOGIN PLAIN XOAUTH2 PLAIN-CLIENTTOKEN OAUTHBEARER XOAUTH
250-ENHANCEDSTATUSCODES
250-PIPELINING
250-CHUNKING
250 SMTPUTF8
[2026-02-04 13:04:11] CLIENT -> SERVER: AUTH LOGIN
[2026-02-04 13:04:11] SERVER -> CLIENT: 334 VXNlcm5hbWU6
[2026-02-04 13:04:11] CLIENT -> SERVER: [credentials hidden]
[2026-02-04 13:04:11] SERVER -> CLIENT: 334 UGFzc3dvcmQ6
[2026-02-04 13:04:11] CLIENT -> SERVER: [credentials hidden]
[2026-02-04 13:04:11] SERVER -> CLIENT: 235 2.7.0 Accepted
[2026-02-04 13:04:11] CLIENT -> SERVER: MAIL FROM:<krgutax@gmail.com>
[2026-02-04 13:04:11] SERVER -> CLIENT: 250 2.1.0 OK ffacd0b85a97d-4361805f8b4sm6304653f8f.36 - gsmtp
[2026-02-04 13:04:11] CLIENT -> SERVER: RCPT TO:<krgutax@gmail.com>
[2026-02-04 13:04:11] SERVER -> CLIENT: 250 2.1.5 OK ffacd0b85a97d-4361805f8b4sm6304653f8f.36 - gsmtp
[2026-02-04 13:04:11] CLIENT -> SERVER: DATA
[2026-02-04 13:04:11] SERVER -> CLIENT: 354 Go ahead ffacd0b85a97d-4361805f8b4sm6304653f8f.36 - gsmtp
[2026-02-04 13:04:11] CLIENT -> SERVER: Date: Wed, 4 Feb 2026 13:04:09 +0000
[2026-02-04 13:04:11] CLIENT -> SERVER: To: krgutax@gmail.com
[2026-02-04 13:04:11] CLIENT -> SERVER: From: PrintCopy <krgutax@gmail.com>
[2026-02-04 13:04:11] CLIENT -> SERVER: Subject: PrintCopy Test (Gmail)
[2026-02-04 13:04:11] CLIENT -> SERVER: Message-ID: <IfudtShhavwk3HWg1gymA07WdBxUVfL9CjyOrwBw@Emir-MacBook-Air.local>
[2026-02-04 13:04:11] CLIENT -> SERVER: X-Mailer: PHPMailer 6.12.0 (https://github.com/PHPMailer/PHPMailer)
[2026-02-04 13:04:11] CLIENT -> SERVER: MIME-Version: 1.0
[2026-02-04 13:04:11] CLIENT -> SERVER: Content-Type: text/html; charset=iso-8859-1
[2026-02-04 13:04:11] CLIENT -> SERVER:
[2026-02-04 13:04:11] CLIENT -> SERVER: This is a test email via Gmail App Password.
[2026-02-04 13:04:11] CLIENT -> SERVER:
[2026-02-04 13:04:11] CLIENT -> SERVER: .
[2026-02-04 13:04:12] SERVER -> CLIENT: 250 2.0.0 OK  1770210252 ffacd0b85a97d-4361805f8b4sm6304653f8f.36 - gsmtp
[2026-02-04 13:04:12] CLIENT -> SERVER: QUIT
[2026-02-04 13:04:12] SERVER -> CLIENT: 221 2.0.0 closing connection ffacd0b85a97d-4361805f8b4sm6304653f8f.36 - gsmtp
[2026-02-04 14:00:15] --- SMTP DEBUG LOG ---
3: Connection: opening to smtp.gmail.com:587, timeout=300, options=array()
3: Connection: opened
2: SERVER -> CLIENT: 220 smtp.gmail.com ESMTP 5b1f17b1804b1-483108416b1sm42023285e9.2 - gsmtp

1: CLIENT -> SERVER: EHLO Emir-MacBook-Air.local

2: SERVER -> CLIENT: 250-smtp.gmail.com at your service, [78.173.88.90]
250-SIZE 35882577
250-8BITMIME
250-STARTTLS
250-ENHANCEDSTATUSCODES
250-PIPELINING
250-CHUNKING
250 SMTPUTF8

1: CLIENT -> SERVER: STARTTLS

2: SERVER -> CLIENT: 220 2.0.0 Ready to start TLS

1: CLIENT -> SERVER: EHLO Emir-MacBook-Air.local

2: SERVER -> CLIENT: 250-smtp.gmail.com at your service, [78.173.88.90]
250-SIZE 35882577
250-8BITMIME
250-AUTH LOGIN PLAIN XOAUTH2 PLAIN-CLIENTTOKEN OAUTHBEARER XOAUTH
250-ENHANCEDSTATUSCODES
250-PIPELINING
250-CHUNKING
250 SMTPUTF8

1: CLIENT -> SERVER: AUTH LOGIN

2: SERVER -> CLIENT: 334 VXNlcm5hbWU6

1: CLIENT -> SERVER: [credentials hidden]
2: SERVER -> CLIENT: 334 UGFzc3dvcmQ6

1: CLIENT -> SERVER: [credentials hidden]
2: SERVER -> CLIENT: 235 2.7.0 Accepted

1: CLIENT -> SERVER: MAIL FROM:<krgutax@gmail.com>

2: SERVER -> CLIENT: 250 2.1.0 OK 5b1f17b1804b1-483108416b1sm42023285e9.2 - gsmtp

1: CLIENT -> SERVER: RCPT TO:<krgutax@gmail.com>

2: SERVER -> CLIENT: 250 2.1.5 OK 5b1f17b1804b1-483108416b1sm42023285e9.2 - gsmtp

1: CLIENT -> SERVER: DATA

2: SERVER -> CLIENT: 354 Go ahead 5b1f17b1804b1-483108416b1sm42023285e9.2 - gsmtp

1: CLIENT -> SERVER: Date: Wed, 4 Feb 2026 14:00:13 +0000

1: CLIENT -> SERVER: To: krgutax@gmail.com

1: CLIENT -> SERVER: From: PrintCopy <krgutax@gmail.com>

1: CLIENT -> SERVER: Subject: Test Email from PrintCopy Tools

1: CLIENT -> SERVER: Message-ID: <b3DSlL9SxtT1di2EvMR7H6olEcnEyd62LRKHQVaIPfk@Emir-MacBook-Air.local>

1: CLIENT -> SERVER: X-Mailer: PHPMailer 6.12.0 (https://github.com/PHPMailer/PHPMailer)

1: CLIENT -> SERVER: MIME-Version: 1.0

1: CLIENT -> SERVER: Content-Type: multipart/alternative;

1: CLIENT -> SERVER:  boundary="b1=_b3DSlL9SxtT1di2EvMR7H6olEcnEyd62LRKHQVaIPfk"

1: CLIENT -> SERVER: Content-Transfer-Encoding: 8bit

1: CLIENT -> SERVER: 

1: CLIENT -> SERVER: --b1=_b3DSlL9SxtT1di2EvMR7H6olEcnEyd62LRKHQVaIPfk

1: CLIENT -> SERVER: Content-Type: text/plain; charset=us-ascii

1: CLIENT -> SERVER: 

1: CLIENT -> SERVER: This is a test email sent from tools/test_mail.php to verify SMTP configuration.

1: CLIENT -> SERVER: 

1: CLIENT -> SERVER: --b1=_b3DSlL9SxtT1di2EvMR7H6olEcnEyd62LRKHQVaIPfk

1: CLIENT -> SERVER: Content-Type: text/html; charset=us-ascii

1: CLIENT -> SERVER: 

1: CLIENT -> SERVER: This is a test email sent from <b>tools/test_mail.php</b> to verify SMTP configuration.<br>Time: 2026-02-04 14:00:13

1: CLIENT -> SERVER: 

1: CLIENT -> SERVER: 

1: CLIENT -> SERVER: --b1=_b3DSlL9SxtT1di2EvMR7H6olEcnEyd62LRKHQVaIPfk--

1: CLIENT -> SERVER: 

1: CLIENT -> SERVER: .

2: SERVER -> CLIENT: 250 2.0.0 OK  1770213615 5b1f17b1804b1-483108416b1sm42023285e9.2 - gsmtp

1: CLIENT -> SERVER: QUIT

2: SERVER -> CLIENT: 221 2.0.0 closing connection 5b1f17b1804b1-483108416b1sm42023285e9.2 - gsmtp

3: Connection: closed

------------------------
[2026-02-04 14:00:48] --- SMTP DEBUG LOG ---
3: Connection: opening to smtp.gmail.com:587, timeout=300, options=array()
3: Connection: opened
2: SERVER -> CLIENT: 220 smtp.gmail.com ESMTP 5b1f17b1804b1-4831089d547sm64455955e9.14 - gsmtp

1: CLIENT -> SERVER: EHLO Emir-MacBook-Air.local

2: SERVER -> CLIENT: 250-smtp.gmail.com at your service, [78.173.88.90]
250-SIZE 35882577
250-8BITMIME
250-STARTTLS
250-ENHANCEDSTATUSCODES
250-PIPELINING
250-CHUNKING
250 SMTPUTF8

1: CLIENT -> SERVER: STARTTLS

2: SERVER -> CLIENT: 220 2.0.0 Ready to start TLS

1: CLIENT -> SERVER: EHLO Emir-MacBook-Air.local

2: SERVER -> CLIENT: 250-smtp.gmail.com at your service, [78.173.88.90]
250-SIZE 35882577
250-8BITMIME
250-AUTH LOGIN PLAIN XOAUTH2 PLAIN-CLIENTTOKEN OAUTHBEARER XOAUTH
250-ENHANCEDSTATUSCODES
250-PIPELINING
250-CHUNKING
250 SMTPUTF8

1: CLIENT -> SERVER: AUTH LOGIN

2: SERVER -> CLIENT: 334 VXNlcm5hbWU6

1: CLIENT -> SERVER: [credentials hidden]
2: SERVER -> CLIENT: 334 UGFzc3dvcmQ6

1: CLIENT -> SERVER: [credentials hidden]
2: SERVER -> CLIENT: 235 2.7.0 Accepted

1: CLIENT -> SERVER: MAIL FROM:<krgutax@gmail.com>

2: SERVER -> CLIENT: 250 2.1.0 OK 5b1f17b1804b1-4831089d547sm64455955e9.14 - gsmtp

1: CLIENT -> SERVER: RCPT TO:<krgutax@gmail.com>

2: SERVER -> CLIENT: 250 2.1.5 OK 5b1f17b1804b1-4831089d547sm64455955e9.14 - gsmtp

1: CLIENT -> SERVER: DATA

2: SERVER -> CLIENT: 354 Go ahead 5b1f17b1804b1-4831089d547sm64455955e9.14 - gsmtp

1: CLIENT -> SERVER: Date: Wed, 4 Feb 2026 14:00:45 +0000

1: CLIENT -> SERVER: To: krgutax@gmail.com

1: CLIENT -> SERVER: From: PrintCopy <krgutax@gmail.com>

1: CLIENT -> SERVER: Subject: Test Email from PrintCopy Tools

1: CLIENT -> SERVER: Message-ID: <KrImGrcA0nMgZYVg07GGTEdGUZ4PWour7z78P8to2E@Emir-MacBook-Air.local>

1: CLIENT -> SERVER: X-Mailer: PHPMailer 6.12.0 (https://github.com/PHPMailer/PHPMailer)

1: CLIENT -> SERVER: MIME-Version: 1.0

1: CLIENT -> SERVER: Content-Type: multipart/alternative;

1: CLIENT -> SERVER:  boundary="b1=_KrImGrcA0nMgZYVg07GGTEdGUZ4PWour7z78P8to2E"

1: CLIENT -> SERVER: Content-Transfer-Encoding: 8bit

1: CLIENT -> SERVER: 

1: CLIENT -> SERVER: --b1=_KrImGrcA0nMgZYVg07GGTEdGUZ4PWour7z78P8to2E

1: CLIENT -> SERVER: Content-Type: text/plain; charset=us-ascii

1: CLIENT -> SERVER: 

1: CLIENT -> SERVER: This is a test email sent from tools/test_mail.php to verify SMTP configuration.

1: CLIENT -> SERVER: 

1: CLIENT -> SERVER: --b1=_KrImGrcA0nMgZYVg07GGTEdGUZ4PWour7z78P8to2E

1: CLIENT -> SERVER: Content-Type: text/html; charset=us-ascii

1: CLIENT -> SERVER: 

1: CLIENT -> SERVER: This is a test email sent from <b>tools/test_mail.php</b> to verify SMTP configuration.<br>Time: 2026-02-04 14:00:45

1: CLIENT -> SERVER: 

1: CLIENT -> SERVER: 

1: CLIENT -> SERVER: --b1=_KrImGrcA0nMgZYVg07GGTEdGUZ4PWour7z78P8to2E--

1: CLIENT -> SERVER: 

1: CLIENT -> SERVER: .

2: SERVER -> CLIENT: 250 2.0.0 OK  1770213648 5b1f17b1804b1-4831089d547sm64455955e9.14 - gsmtp

1: CLIENT -> SERVER: QUIT

2: SERVER -> CLIENT: 221 2.0.0 closing connection 5b1f17b1804b1-4831089d547sm64455955e9.14 - gsmtp

3: Connection: closed

------------------------
